<?xml version="1.0" encoding="UTF-8"?>
<!-- Generated by org.testng.reporters.JUnitXMLReporter -->
<testsuite hostname="NDTSB06" name="day1(failed)" tests="1" failures="1" timestamp="13 Dec 2017 13:12:01 GMT" time="14.006" errors="0">
  <testcase name="test1" time="14.002" classname="loginpage.demo1">
    <failure type="org.openqa.selenium.InvalidSelectorException" message="The given selector .//*[@id=&amp;apos;block_top_menu&amp;apos;]/ul/li[2]/a// is either invalid or does not result in a WebElement. The following error occurred:
InvalidSelectorError: Unable to locate an element with the xpath expression .//*[@id=&amp;apos;block_top_menu&amp;apos;]/ul/li[2]/a// because of the following error:
SyntaxError: The expression is not a legal expression.
Command duration or timeout: 52 milliseconds
For documentation on this error, please visit: http://seleniumhq.org/exceptions/invalid_selector_exception.html
Build info: version: &amp;apos;2.53.0&amp;apos;, revision: &amp;apos;35ae25b1534ae328c771e0856c93e187490ca824&amp;apos;, time: &amp;apos;2016-03-15 10:43:46&amp;apos;
System info: host: &amp;apos;NDTSB06&amp;apos;, ip: &amp;apos;10.10.8.17&amp;apos;, os.name: &amp;apos;Windows Server 2012 R2&amp;apos;, os.arch: &amp;apos;amd64&amp;apos;, os.version: &amp;apos;6.3&amp;apos;, java.version: &amp;apos;1.8.0_151&amp;apos;
Driver info: org.openqa.selenium.firefox.FirefoxDriver
Capabilities [{applicationCacheEnabled=true, rotatable=false, handlesAlerts=true, databaseEnabled=true, version=46.0.1, platform=WINDOWS, nativeEvents=false, acceptSslCerts=true, webStorageEnabled=true, locationContextEnabled=true, browserName=firefox, takesScreenshot=true, javascriptEnabled=true, cssSelectorsEnabled=true}]
Session ID: 1047fafb-25d8-4f2c-a96d-622af89a6a60
*** Element info: {Using=xpath, value=.//*[@id=&amp;apos;block_top_menu&amp;apos;]/ul/li[2]/a//}">
      <![CDATA[org.openqa.selenium.InvalidSelectorException: The given selector .//*[@id='block_top_menu']/ul/li[2]/a// is either invalid or does not result in a WebElement. The following error occurred:
InvalidSelectorError: Unable to locate an element with the xpath expression .//*[@id='block_top_menu']/ul/li[2]/a// because of the following error:
SyntaxError: The expression is not a legal expression.
Command duration or timeout: 52 milliseconds
For documentation on this error, please visit: http://seleniumhq.org/exceptions/invalid_selector_exception.html
Build info: version: '2.53.0', revision: '35ae25b1534ae328c771e0856c93e187490ca824', time: '2016-03-15 10:43:46'
System info: host: 'NDTSB06', ip: '10.10.8.17', os.name: 'Windows Server 2012 R2', os.arch: 'amd64', os.version: '6.3', java.version: '1.8.0_151'
Driver info: org.openqa.selenium.firefox.FirefoxDriver
Capabilities [{applicationCacheEnabled=true, rotatable=false, handlesAlerts=true, databaseEnabled=true, version=46.0.1, platform=WINDOWS, nativeEvents=false, acceptSslCerts=true, webStorageEnabled=true, locationContextEnabled=true, browserName=firefox, takesScreenshot=true, javascriptEnabled=true, cssSelectorsEnabled=true}]
Session ID: 1047fafb-25d8-4f2c-a96d-622af89a6a60
*** Element info: {Using=xpath, value=.//*[@id='block_top_menu']/ul/li[2]/a//}
	at org.openqa.selenium.remote.ErrorHandler.createThrowable(ErrorHandler.java:206)
	at org.openqa.selenium.remote.ErrorHandler.throwIfResponseFailed(ErrorHandler.java:158)
	at org.openqa.selenium.remote.RemoteWebDriver.execute(RemoteWebDriver.java:678)
	at org.openqa.selenium.remote.RemoteWebDriver.findElement(RemoteWebDriver.java:363)
	at org.openqa.selenium.remote.RemoteWebDriver.findElementByXPath(RemoteWebDriver.java:500)
	at org.openqa.selenium.By$ByXPath.findElement(By.java:361)
	at org.openqa.selenium.remote.RemoteWebDriver.findElement(RemoteWebDriver.java:355)
	at loginpage.demo1.test1(demo1.java:43)
Caused by: org.openqa.selenium.InvalidSelectorException: The given selector .//*[@id='block_top_menu']/ul/li[2]/a// is either invalid or does not result in a WebElement. The following error occurred:
InvalidSelectorError: Unable to locate an element with the xpath expression .//*[@id='block_top_menu']/ul/li[2]/a// because of the following error:
SyntaxError: The expression is not a legal expression.
For documentation on this error, please visit: http://seleniumhq.org/exceptions/invalid_selector_exception.html
Build info: version: '2.53.0', revision: '35ae25b1534ae328c771e0856c93e187490ca824', time: '2016-03-15 10:43:46'
System info: host: 'NDTSB06', ip: '10.10.8.17', os.name: 'Windows Server 2012 R2', os.arch: 'amd64', os.version: '6.3', java.version: '1.8.0_151'
Driver info: driver.version: unknown
	at <anonymous class>.FirefoxDriver.annotateInvalidSelectorError_(file:///C:/Users/ZUBAIR~1/AppData/Local/Temp/21/anonymous3334247199447985033webdriver-profile/extensions/fxdriver@googlecode.com/components/driver-component.js:10744)
	at <anonymous class>.FirefoxDriver.prototype.findElementInternal_(file:///C:/Users/ZUBAIR~1/AppData/Local/Temp/21/anonymous3334247199447985033webdriver-profile/extensions/fxdriver@googlecode.com/components/driver-component.js:10775)
	at <anonymous class>.FirefoxDriver.prototype.findElement(file:///C:/Users/ZUBAIR~1/AppData/Local/Temp/21/anonymous3334247199447985033webdriver-profile/extensions/fxdriver@googlecode.com/components/driver-component.js:10779)
	at <anonymous class>.DelayedCommand.prototype.executeInternal_/h(file:///C:/Users/ZUBAIR~1/AppData/Local/Temp/21/anonymous3334247199447985033webdriver-profile/extensions/fxdriver@googlecode.com/components/command-processor.js:12661)
	at <anonymous class>.DelayedCommand.prototype.executeInternal_(file:///C:/Users/ZUBAIR~1/AppData/Local/Temp/21/anonymous3334247199447985033webdriver-profile/extensions/fxdriver@googlecode.com/components/command-processor.js:12666)
	at <anonymous class>.DelayedCommand.prototype.execute/<(file:///C:/Users/ZUBAIR~1/AppData/Local/Temp/21/anonymous3334247199447985033webdriver-profile/extensions/fxdriver@googlecode.com/components/command-processor.js:12608)
... Removed 28 stack frames]]>
    </failure>
  </testcase> <!-- test1 -->
</testsuite> <!-- day1(failed) -->
